TN:
SF:src/model/properties.ts
FNF:0
FNH:0
DA:1,3
DA:3,3
LF:2
LH:2
BRF:0
BRH:0
end_of_record
TN:
SF:src/model/tools.ts
FN:4,(anonymous_0)
FN:8,(anonymous_1)
FN:12,(anonymous_2)
FN:30,(anonymous_3)
FNF:4
FNH:4
FNDA:6,(anonymous_0)
FNDA:3,(anonymous_1)
FNDA:6,(anonymous_2)
FNDA:31,(anonymous_3)
DA:1,2
DA:4,2
DA:5,6
DA:8,2
DA:9,3
DA:12,2
DA:13,6
DA:14,6
DA:19,6
DA:20,1
DA:23,5
DA:24,1
DA:27,4
DA:30,2
DA:33,31
LF:15
LH:15
BRDA:19,0,0,1
BRDA:19,1,0,6
BRDA:19,1,1,6
BRDA:23,2,0,1
BRDA:23,3,0,5
BRDA:23,3,1,3
BRF:6
BRH:6
end_of_record
TN:
SF:src/services/public-holidays.service.ts
FN:6,(anonymous_14)
FN:8,(anonymous_15)
FN:16,(anonymous_17)
FN:22,(anonymous_18)
FN:22,(anonymous_19)
FN:35,(anonymous_21)
FN:36,(anonymous_22)
FN:44,(anonymous_24)
FNF:8
FNH:8
FNDA:2,(anonymous_14)
FNDA:2,(anonymous_15)
FNDA:16,(anonymous_17)
FNDA:2,(anonymous_18)
FNDA:2,(anonymous_19)
FNDA:3,(anonymous_21)
FNDA:3,(anonymous_22)
FNDA:16,(anonymous_24)
DA:1,2
DA:2,2
DA:3,2
DA:6,2
DA:8,2
DA:10,2
DA:13,2
DA:16,16
DA:18,0
DA:22,2
DA:23,2
DA:26,2
DA:29,2
DA:31,0
DA:35,2
DA:36,3
DA:38,3
DA:41,3
DA:44,16
DA:46,1
LF:20
LH:18
BRF:0
BRH:0
end_of_record
